#
# There is insufficient memory for the Java Runtime Environment to continue.
# Cannot create worker GC thread. Out of system resources.
# Possible reasons:
#   The system is out of physical RAM or swap space
#   The process is running with CompressedOops enabled, and the Java Heap may be blocking the growth of the native heap
# Possible solutions:
#   Reduce memory load on the system
#   Increase physical memory or swap space
#   Check if swap backing store is full
#   Decrease Java heap size (-Xmx/-Xms)
#   Decrease number of Java threads
#   Decrease Java thread stack sizes (-Xss)
#   Set larger code cache with -XX:ReservedCodeCacheSize=
#   JVM is running with Unscaled Compressed Oops mode in which the Java heap is
#     placed in the first 4GB address space. The Java Heap base address is the
#     maximum limit for the native heap growth. Please use -XX:HeapBaseMinAddress
#     to set the Java Heap base and to place the Java Heap above 4GB virtual address.
# This output file may be truncated or incomplete.
#
#  Out of Memory Error (workerManager.hpp:87), pid=8574, tid=8575
#
# JRE version:  (17.0.7+7) (build )
# Java VM: OpenJDK 64-Bit Server VM (17.0.7+7, mixed mode, sharing, tiered, compressed oops, compressed class ptrs, g1 gc, linux-amd64)
# Core dump will be written. Default location: Core dumps may be processed with "/lib/systemd/systemd-coredump %P %u %g %s %t 9223372036854775808 %h" (or dumping to /home/arvnd/eclipse-workspace/Logics/core.8574)
#

---------------  S U M M A R Y ------------

Command Line: -XX:+ShowCodeDetailsInExceptionMessages -agentlib:jdwp=transport=dt_socket,suspend=y,address=localhost:39167 -javaagent:/home/arvnd/.var/app/org.eclipse.Java/eclipse/configuration/org.eclipse.osgi/242/0/.cp/lib/javaagent-shaded.jar -Dfile.encoding=UTF-8 --module-path=/home/arvnd/eclipse-workspace/Logics/bin -Djdk.module.main=Logics Logics/ArrayProgram.ArrayDemo

Host: AMD PRO A4-4350B R4, 5 COMPUTE CORES 2C+3G, 2 cores, 3G, GNOME 44 (Flatpak runtime)
Time: Thu Aug 24 14:47:42 2023 IST elapsed time: 0.066072 seconds (0d 0h 0m 0s)

---------------  T H R E A D  ---------------

Current thread (0x00007fe85c027e80):  JavaThread "Unknown thread" [_thread_in_vm, id=8575, stack(0x00007fe860741000,0x00007fe860841000)]

Stack: [0x00007fe860741000,0x00007fe860841000],  sp=0x00007fe86083f530,  free space=1017k
Native frames: (J=compiled Java code, j=interpreted, Vv=VM code, C=native code)
V  [libjvm.so+0xee1661]
V  [libjvm.so+0xee222d]
V  [libjvm.so+0x608ecc]
V  [libjvm.so+0xf14fbf]
V  [libjvm.so+0xf1515a]
V  [libjvm.so+0x700e23]
V  [libjvm.so+0x6ef83c]
V  [libjvm.so+0xe90462]
V  [libjvm.so+0x7fb0f7]
V  [libjvm.so+0xe678a7]
V  [libjvm.so+0x8b99a2]  JNI_CreateJavaVM+0x52
C  [libjli.so+0x4a0f]
C  [libjli.so+0x8d09]
C  [libc.so.6+0x8f1da]


---------------  P R O C E S S  ---------------

Threads class SMR info:
_java_thread_list=0x00007fe861c759c0, length=0, elements={
}

Java Threads: ( => current thread )

Other Threads:
  0x00007fe85c061e30 GCTaskThread "GC Thread#0" [stack: 0x00007fe84778d000,0x00007fe84788d000] [id=8577]

[error occurred during error reporting (printing all threads), id 0xb, SIGSEGV (0xb) at pc=0x00007fe861035170]

VM state: not at safepoint (not fully initialized)

VM Mutex/Monitor currently owned by a thread:  ([mutex/lock_event])
[0x00007fe85c0253a0] Heap_lock - owner thread: 0x00007fe85c027e80

Heap address: 0x00000000c5400000, size: 940 MB, Compressed Oops mode: 32-bit

CDS archive(s) mapped at: [0x0000000000000000-0x0000000000000000-0x0000000000000000), size 0, SharedBaseAddress: 0x0000000800000000, ArchiveRelocationMode: 0.
Narrow klass base: 0x0000000000000000, Narrow klass shift: 0, Narrow klass range: 0x0

GC Precious Log:
<Empty>

Heap:
 garbage-first heap   total 0K, used 0K [0x00000000c5400000, 0x0000000100000000)
  region size 1024K, 0 young (0K), 0 survivors (0K)

[error occurred during error reporting (printing heap information), id 0xb, SIGSEGV (0xb) at pc=0x00007fe8615f6b8a]

GC Heap History (0 events):
No events

Dll operation events (1 events):
Event: 0.018 Loaded shared library /app/eclipse/plugins/org.eclipse.justj.openjdk.hotspot.jre.full.linux.x86_64_17.0.7.v20230425-1502/jre/lib/libjava.so

Deoptimization events (0 events):
No events

Classes unloaded (0 events):
No events

Classes redefined (0 events):
No events

Internal exceptions (0 events):
No events

VM Operations (0 events):
No events

Events (1 events):
Event: 0.017 Protecting memory [0x00007fe860741000,0x00007fe860745000] with protection modes 0


Dynamic libraries:
c5400000-100000000 ---p 00000000 00:00 0 
56160dbd8000-56160dbd9000 r--p 00000000 08:04 1975048                    /app/eclipse/plugins/org.eclipse.justj.openjdk.hotspot.jre.full.linux.x86_64_17.0.7.v20230425-1502/jre/bin/java
56160dbd9000-56160dbda000 r-xp 00001000 08:04 1975048                    /app/eclipse/plugins/org.eclipse.justj.openjdk.hotspot.jre.full.linux.x86_64_17.0.7.v20230425-1502/jre/bin/java
56160dbda000-56160dbdb000 r--p 00002000 08:04 1975048                    /app/eclipse/plugins/org.eclipse.justj.openjdk.hotspot.jre.full.linux.x86_64_17.0.7.v20230425-1502/jre/bin/java
56160dbdb000-56160dbdc000 r--p 00002000 08:04 1975048                    /app/eclipse/plugins/org.eclipse.justj.openjdk.hotspot.jre.full.linux.x86_64_17.0.7.v20230425-1502/jre/bin/java
56160dbdc000-56160dbdd000 rw-p 00003000 08:04 1975048                    /app/eclipse/plugins/org.eclipse.justj.openjdk.hotspot.jre.full.linux.x86_64_17.0.7.v20230425-1502/jre/bin/java
56160ef5d000-56160efa5000 rw-p 00000000 00:00 0                          [heap]
7fe840000000-7fe840021000 rw-p 00000000 00:00 0 
7fe840021000-7fe844000000 ---p 00000000 00:00 0 
7fe847689000-7fe84768a000 ---p 00000000 00:00 0 
7fe84768a000-7fe84778b000 rw-p 00000000 00:00 0 
7fe84778b000-7fe84778c000 ---p 00000000 00:00 0 
7fe84778c000-7fe84788d000 rw-p 00000000 00:00 0 
7fe84788d000-7fe849999000 ---p 00000000 00:00 0 
7fe849999000-7fe849c09000 rwxp 00000000 00:00 0 
7fe849c09000-7fe850ed1000 ---p 00000000 00:00 0 
7fe850ed1000-7fe851141000 rwxp 00000000 00:00 0 
7fe851141000-7fe851460000 ---p 00000000 00:00 0 
7fe851460000-7fe8516d0000 rwxp 00000000 00:00 0 
7fe8516d0000-7fe858999000 ---p 00000000 00:00 0 
7fe858999000-7fe85bffe000 r--s 00000000 08:04 1976134                    /app/eclipse/plugins/org.eclipse.justj.openjdk.hotspot.jre.full.linux.x86_64_17.0.7.v20230425-1502/jre/lib/modules
7fe85c000000-7fe85c091000 rw-p 00000000 00:00 0 
7fe85c091000-7fe860000000 ---p 00000000 00:00 0 
7fe8600b7000-7fe8600d7000 rw-p 00000000 00:00 0 
7fe8600d7000-7fe8602ad000 ---p 00000000 00:00 0 
7fe8602ad000-7fe8604b4000 rw-p 00000000 00:00 0 
7fe8604b4000-7fe86059a000 ---p 00000000 00:00 0 
7fe86059a000-7fe86059f000 rw-p 00000000 00:00 0 
7fe86059f000-7fe860685000 ---p 00000000 00:00 0 
7fe860685000-7fe86068a000 rw-p 00000000 00:00 0 
7fe86068a000-7fe860691000 ---p 00000000 00:00 0 
7fe860691000-7fe860699000 rw-s 00000000 08:04 2232723                    /tmp/hsperfdata_arvnd/8574 (deleted)
7fe860699000-7fe86069b000 r--p 00000000 08:04 1975960                    /app/eclipse/plugins/org.eclipse.justj.openjdk.hotspot.jre.full.linux.x86_64_17.0.7.v20230425-1502/jre/lib/libinstrument.so
7fe86069b000-7fe8606a1000 r-xp 00002000 08:04 1975960                    /app/eclipse/plugins/org.eclipse.justj.openjdk.hotspot.jre.full.linux.x86_64_17.0.7.v20230425-1502/jre/lib/libinstrument.so
7fe8606a1000-7fe8606a4000 r--p 00008000 08:04 1975960                    /app/eclipse/plugins/org.eclipse.justj.openjdk.hotspot.jre.full.linux.x86_64_17.0.7.v20230425-1502/jre/lib/libinstrument.so
7fe8606a4000-7fe8606a5000 r--p 0000a000 08:04 1975960                    /app/eclipse/plugins/org.eclipse.justj.openjdk.hotspot.jre.full.linux.x86_64_17.0.7.v20230425-1502/jre/lib/libinstrument.so
7fe8606a5000-7fe8606a6000 rw-p 0000b000 08:04 1975960                    /app/eclipse/plugins/org.eclipse.justj.openjdk.hotspot.jre.full.linux.x86_64_17.0.7.v20230425-1502/jre/lib/libinstrument.so
7fe8606a9000-7fe8606b6000 r--p 00000000 08:04 1975110                    /app/eclipse/plugins/org.eclipse.justj.openjdk.hotspot.jre.full.linux.x86_64_17.0.7.v20230425-1502/jre/lib/libjava.so
7fe8606b6000-7fe8606c8000 r-xp 0000d000 08:04 1975110                    /app/eclipse/plugins/org.eclipse.justj.openjdk.hotspot.jre.full.linux.x86_64_17.0.7.v20230425-1502/jre/lib/libjava.so
7fe8606c8000-7fe8606ce000 r--p 0001f000 08:04 1975110                    /app/eclipse/plugins/org.eclipse.justj.openjdk.hotspot.jre.full.linux.x86_64_17.0.7.v20230425-1502/jre/lib/libjava.so
7fe8606ce000-7fe8606cf000 ---p 00025000 08:04 1975110                    /app/eclipse/plugins/org.eclipse.justj.openjdk.hotspot.jre.full.linux.x86_64_17.0.7.v20230425-1502/jre/lib/libjava.so
7fe8606cf000-7fe8606d0000 r--p 00025000 08:04 1975110                    /app/eclipse/plugins/org.eclipse.justj.openjdk.hotspot.jre.full.linux.x86_64_17.0.7.v20230425-1502/jre/lib/libjava.so
7fe8606d0000-7fe8606d1000 rw-p 00026000 08:04 1975110                    /app/eclipse/plugins/org.eclipse.justj.openjdk.hotspot.jre.full.linux.x86_64_17.0.7.v20230425-1502/jre/lib/libjava.so
7fe8606d1000-7fe8606d2000 rw-p 00000000 00:00 0 
7fe8606d9000-7fe8606dc000 r--p 00000000 08:04 1975198                    /app/eclipse/plugins/org.eclipse.justj.openjdk.hotspot.jre.full.linux.x86_64_17.0.7.v20230425-1502/jre/lib/libjdwp.so
7fe8606dc000-7fe860709000 r-xp 00003000 08:04 1975198                    /app/eclipse/plugins/org.eclipse.justj.openjdk.hotspot.jre.full.linux.x86_64_17.0.7.v20230425-1502/jre/lib/libjdwp.so
7fe860709000-7fe860717000 r--p 00030000 08:04 1975198                    /app/eclipse/plugins/org.eclipse.justj.openjdk.hotspot.jre.full.linux.x86_64_17.0.7.v20230425-1502/jre/lib/libjdwp.so
7fe860717000-7fe860718000 r--p 0003d000 08:04 1975198                    /app/eclipse/plugins/org.eclipse.justj.openjdk.hotspot.jre.full.linux.x86_64_17.0.7.v20230425-1502/jre/lib/libjdwp.so
7fe860718000-7fe860719000 rw-p 0003e000 08:04 1975198                    /app/eclipse/plugins/org.eclipse.justj.openjdk.hotspot.jre.full.linux.x86_64_17.0.7.v20230425-1502/jre/lib/libjdwp.so
7fe860719000-7fe86071a000 rw-p 00000000 00:00 0 
7fe860721000-7fe860725000 r--p 00000000 08:04 1974711                    /app/eclipse/plugins/org.eclipse.justj.openjdk.hotspot.jre.full.linux.x86_64_17.0.7.v20230425-1502/jre/lib/libjimage.so
7fe860725000-7fe860738000 r-xp 00004000 08:04 1974711                    /app/eclipse/plugins/org.eclipse.justj.openjdk.hotspot.jre.full.linux.x86_64_17.0.7.v20230425-1502/jre/lib/libjimage.so
7fe860738000-7fe86073e000 r--p 00017000 08:04 1974711                    /app/eclipse/plugins/org.eclipse.justj.openjdk.hotspot.jre.full.linux.x86_64_17.0.7.v20230425-1502/jre/lib/libjimage.so
7fe86073e000-7fe860740000 r--p 0001c000 08:04 1974711                    /app/eclipse/plugins/org.eclipse.justj.openjdk.hotspot.jre.full.linux.x86_64_17.0.7.v20230425-1502/jre/lib/libjimage.so
7fe860740000-7fe860741000 rw-p 0001e000 08:04 1974711                    /app/eclipse/plugins/org.eclipse.justj.openjdk.hotspot.jre.full.linux.x86_64_17.0.7.v20230425-1502/jre/lib/libjimage.so
7fe860741000-7fe860745000 ---p 00000000 00:00 0 
7fe860745000-7fe860841000 rw-p 00000000 00:00 0 
7fe860841000-7fe86084f000 r--p 00000000 08:04 1738808                    /usr/lib/x86_64-linux-gnu/libm.so.6
7fe86084f000-7fe8608c5000 r-xp 0000e000 08:04 1738808                    /usr/lib/x86_64-linux-gnu/libm.so.6
7fe8608c5000-7fe860922000 r--p 00084000 08:04 1738808                    /usr/lib/x86_64-linux-gnu/libm.so.6
7fe860922000-7fe860923000 r--p 000e0000 08:04 1738808                    /usr/lib/x86_64-linux-gnu/libm.so.6
7fe860923000-7fe860924000 rw-p 000e1000 08:04 1738808                    /usr/lib/x86_64-linux-gnu/libm.so.6
7fe860929000-7fe86092a000 r--p 00000000 08:04 1739358                    /usr/lib/x86_64-linux-gnu/librt.so.1
7fe86092a000-7fe86092b000 r-xp 00001000 08:04 1739358                    /usr/lib/x86_64-linux-gnu/librt.so.1
7fe86092b000-7fe86092c000 r--p 00002000 08:04 1739358                    /usr/lib/x86_64-linux-gnu/librt.so.1
7fe86092c000-7fe86092d000 r--p 00002000 08:04 1739358                    /usr/lib/x86_64-linux-gnu/librt.so.1
7fe86092d000-7fe86092e000 rw-p 00003000 08:04 1739358                    /usr/lib/x86_64-linux-gnu/librt.so.1
7fe860939000-7fe860b8b000 r--p 00000000 08:04 1976132                    /app/eclipse/plugins/org.eclipse.justj.openjdk.hotspot.jre.full.linux.x86_64_17.0.7.v20230425-1502/jre/lib/server/libjvm.so
7fe860b8b000-7fe8618ab000 r-xp 00252000 08:04 1976132                    /app/eclipse/plugins/org.eclipse.justj.openjdk.hotspot.jre.full.linux.x86_64_17.0.7.v20230425-1502/jre/lib/server/libjvm.so
7fe8618ab000-7fe861b37000 r--p 00f72000 08:04 1976132                    /app/eclipse/plugins/org.eclipse.justj.openjdk.hotspot.jre.full.linux.x86_64_17.0.7.v20230425-1502/jre/lib/server/libjvm.so
7fe861b37000-7fe861b38000 ---p 011fe000 08:04 1976132                    /app/eclipse/plugins/org.eclipse.justj.openjdk.hotspot.jre.full.linux.x86_64_17.0.7.v20230425-1502/jre/lib/server/libjvm.so
7fe861b38000-7fe861bf1000 r--p 011fe000 08:04 1976132                    /app/eclipse/plugins/org.eclipse.justj.openjdk.hotspot.jre.full.linux.x86_64_17.0.7.v20230425-1502/jre/lib/server/libjvm.so
7fe861bf1000-7fe861c26000 rw-p 012b7000 08:04 1976132                    /app/eclipse/plugins/org.eclipse.justj.openjdk.hotspot.jre.full.linux.x86_64_17.0.7.v20230425-1502/jre/lib/server/libjvm.so
7fe861c26000-7fe861c80000 rw-p 00000000 00:00 0 
7fe861c81000-7fe861ca9000 r--p 00000000 08:04 1742696                    /usr/lib/x86_64-linux-gnu/libc.so.6
7fe861ca9000-7fe861e29000 r-xp 00028000 08:04 1742696                    /usr/lib/x86_64-linux-gnu/libc.so.6
7fe861e29000-7fe861e7b000 r--p 001a8000 08:04 1742696                    /usr/lib/x86_64-linux-gnu/libc.so.6
7fe861e7b000-7fe861e7f000 r--p 001f9000 08:04 1742696                    /usr/lib/x86_64-linux-gnu/libc.so.6
7fe861e7f000-7fe861e81000 rw-p 001fd000 08:04 1742696                    /usr/lib/x86_64-linux-gnu/libc.so.6
7fe861e81000-7fe861e8e000 rw-p 00000000 00:00 0 
7fe861e91000-7fe861e92000 r--p 00000000 08:04 1736741                    /usr/lib/x86_64-linux-gnu/libdl.so.2
7fe861e92000-7fe861e93000 r-xp 00001000 08:04 1736741                    /usr/lib/x86_64-linux-gnu/libdl.so.2
7fe861e93000-7fe861e94000 r--p 00002000 08:04 1736741                    /usr/lib/x86_64-linux-gnu/libdl.so.2
7fe861e94000-7fe861e95000 r--p 00002000 08:04 1736741                    /usr/lib/x86_64-linux-gnu/libdl.so.2
7fe861e95000-7fe861e96000 rw-p 00003000 08:04 1736741                    /usr/lib/x86_64-linux-gnu/libdl.so.2
7fe861e99000-7fe861e9a000 r--p 00000000 08:04 1738802                    /usr/lib/x86_64-linux-gnu/libpthread.so.0
7fe861e9a000-7fe861e9b000 r-xp 00001000 08:04 1738802                    /usr/lib/x86_64-linux-gnu/libpthread.so.0
7fe861e9b000-7fe861e9c000 r--p 00002000 08:04 1738802                    /usr/lib/x86_64-linux-gnu/libpthread.so.0
7fe861e9c000-7fe861e9d000 r--p 00002000 08:04 1738802                    /usr/lib/x86_64-linux-gnu/libpthread.so.0
7fe861e9d000-7fe861e9e000 rw-p 00003000 08:04 1738802                    /usr/lib/x86_64-linux-gnu/libpthread.so.0
7fe861ea1000-7fe861ea4000 r--p 00000000 08:04 1975074                    /app/eclipse/plugins/org.eclipse.justj.openjdk.hotspot.jre.full.linux.x86_64_17.0.7.v20230425-1502/jre/lib/libjli.so
7fe861ea4000-7fe861eae000 r-xp 00003000 08:04 1975074                    /app/eclipse/plugins/org.eclipse.justj.openjdk.hotspot.jre.full.linux.x86_64_17.0.7.v20230425-1502/jre/lib/libjli.so
7fe861eae000-7fe861eb1000 r--p 0000d000 08:04 1975074                    /app/eclipse/plugins/org.eclipse.justj.openjdk.hotspot.jre.full.linux.x86_64_17.0.7.v20230425-1502/jre/lib/libjli.so
7fe861eb1000-7fe861eb2000 ---p 00010000 08:04 1975074                    /app/eclipse/plugins/org.eclipse.justj.openjdk.hotspot.jre.full.linux.x86_64_17.0.7.v20230425-1502/jre/lib/libjli.so
7fe861eb2000-7fe861eb3000 r--p 00010000 08:04 1975074                    /app/eclipse/plugins/org.eclipse.justj.openjdk.hotspot.jre.full.linux.x86_64_17.0.7.v20230425-1502/jre/lib/libjli.so
7fe861eb3000-7fe861eb4000 rw-p 00011000 08:04 1975074                    /app/eclipse/plugins/org.eclipse.justj.openjdk.hotspot.jre.full.linux.x86_64_17.0.7.v20230425-1502/jre/lib/libjli.so
7fe861eb9000-7fe861ebc000 r--p 00000000 08:04 1843226                    /usr/lib/x86_64-linux-gnu/libz.so.1.2.13
7fe861ebc000-7fe861ecb000 r-xp 00003000 08:04 1843226                    /usr/lib/x86_64-linux-gnu/libz.so.1.2.13
7fe861ecb000-7fe861ed1000 r--p 00012000 08:04 1843226                    /usr/lib/x86_64-linux-gnu/libz.so.1.2.13
7fe861ed1000-7fe861ed2000 ---p 00018000 08:04 1843226                    /usr/lib/x86_64-linux-gnu/libz.so.1.2.13
7fe861ed2000-7fe861ed3000 r--p 00018000 08:04 1843226                    /usr/lib/x86_64-linux-gnu/libz.so.1.2.13
7fe861ed3000-7fe861ed4000 rw-p 00019000 08:04 1843226                    /usr/lib/x86_64-linux-gnu/libz.so.1.2.13
7fe861ed5000-7fe861ed9000 rw-p 00000000 00:00 0 
7fe861ede000-7fe861edf000 ---p 00000000 00:00 0 
7fe861edf000-7fe861ee0000 r--p 00000000 00:00 0 
7fe861ee0000-7fe861ee1000 ---p 00000000 00:00 0 
7fe861ee1000-7fe861ee3000 r--p 00000000 08:04 1742476                    /usr/lib/x86_64-linux-gnu/ld-linux-x86-64.so.2
7fe861ee3000-7fe861f0b000 r-xp 00002000 08:04 1742476                    /usr/lib/x86_64-linux-gnu/ld-linux-x86-64.so.2
7fe861f0b000-7fe861f16000 r--p 0002a000 08:04 1742476                    /usr/lib/x86_64-linux-gnu/ld-linux-x86-64.so.2
7fe861f16000-7fe861f18000 r--p 00034000 08:04 1742476                    /usr/lib/x86_64-linux-gnu/ld-linux-x86-64.so.2
7fe861f18000-7fe861f1a000 rw-p 00036000 08:04 1742476                    /usr/lib/x86_64-linux-gnu/ld-linux-x86-64.so.2
7fe861f1a000-7fe861f1c000 rw-p 00000000 00:00 0 
7ffc8bf76000-7ffc8bf97000 rw-p 00000000 00:00 0                          [stack]
7ffc8bfa9000-7ffc8bfad000 r--p 00000000 00:00 0                          [vvar]
7ffc8bfad000-7ffc8bfaf000 r-xp 00000000 00:00 0                          [vdso]
ffffffffff600000-ffffffffff601000 --xp 00000000 00:00 0                  [vsyscall]


VM Arguments:
jvm_args: -XX:+ShowCodeDetailsInExceptionMessages -agentlib:jdwp=transport=dt_socket,suspend=y,address=localhost:39167 -javaagent:/home/arvnd/.var/app/org.eclipse.Java/eclipse/configuration/org.eclipse.osgi/242/0/.cp/lib/javaagent-shaded.jar -Dfile.encoding=UTF-8 --module-path=/home/arvnd/eclipse-workspace/Logics/bin -Djdk.module.main=Logics 
java_command: Logics/ArrayProgram.ArrayDemo
java_class_path (initial): <not set>
Launcher Type: SUN_STANDARD

[Global flags]
     intx CICompilerCount                          = 2                                         {product} {ergonomic}
     uint ConcGCThreads                            = 1                                         {product} {ergonomic}
     uint G1ConcRefinementThreads                  = 2                                         {product} {ergonomic}
   size_t G1HeapRegionSize                         = 1048576                                   {product} {ergonomic}
    uintx GCDrainStackTargetSize                   = 64                                        {product} {ergonomic}
   size_t InitialHeapSize                          = 62914560                                  {product} {ergonomic}
   size_t MarkStackSize                            = 4194304                                   {product} {ergonomic}
   size_t MaxHeapSize                              = 985661440                                 {product} {ergonomic}
   size_t MinHeapDeltaBytes                        = 1048576                                   {product} {ergonomic}
   size_t MinHeapSize                              = 8388608                                   {product} {ergonomic}
    uintx NonNMethodCodeHeapSize                   = 5826188                                {pd product} {ergonomic}
    uintx NonProfiledCodeHeapSize                  = 122916026                              {pd product} {ergonomic}
    uintx ProfiledCodeHeapSize                     = 122916026                              {pd product} {ergonomic}
    uintx ReservedCodeCacheSize                    = 251658240                              {pd product} {ergonomic}
     bool SegmentedCodeCache                       = true                                      {product} {ergonomic}
     bool ShowCodeDetailsInExceptionMessages       = true                                   {manageable} {command line}
   size_t SoftMaxHeapSize                          = 985661440                              {manageable} {ergonomic}
     bool UseCompressedClassPointers               = true                           {product lp64_product} {ergonomic}
     bool UseCompressedOops                        = true                           {product lp64_product} {ergonomic}
     bool UseG1GC                                  = true                                      {product} {ergonomic}

Logging:
Log output configuration:
 #0: stdout all=warning uptime,level,tags
 #1: stderr all=off uptime,level,tags

Environment Variables:
PATH=/app/bin:/usr/bin
LD_LIBRARY_PATH=
SHELL=/bin/sh
DISPLAY=:99.0
LANG=en_IN

Active Locale:
LC_ALL=C
LC_COLLATE=C
LC_CTYPE=C
LC_MESSAGES=C
LC_MONETARY=C
LC_NUMERIC=C
LC_TIME=C

Signal Handlers:
   SIGSEGV: 0x00007fe86181b250 in libjvm.so+15606352, mask=11100100010111111101111111111110, flags=SA_RESTART|SA_SIGINFO, unblocked
    SIGBUS: 0x00007fe86181b250 in libjvm.so+15606352, mask=11100100010111111101111111111110, flags=SA_RESTART|SA_SIGINFO, unblocked
    SIGFPE: 0x00007fe86181b250 in libjvm.so+15606352, mask=11100100010111111101111111111110, flags=SA_RESTART|SA_SIGINFO, unblocked
   SIGPIPE: 0x00007fe8616c14b0 in libjvm.so+14189744, mask=11100100010111111101111111111110, flags=SA_RESTART|SA_SIGINFO, blocked
   SIGXFSZ: 0x00007fe8616c14b0 in libjvm.so+14189744, mask=11100100010111111101111111111110, flags=SA_RESTART|SA_SIGINFO, blocked
    SIGILL: 0x00007fe86181b250 in libjvm.so+15606352, mask=11100100010111111101111111111110, flags=SA_RESTART|SA_SIGINFO, unblocked
   SIGUSR2: 0x00007fe8616c0b50 in libjvm.so+14187344, mask=00100000000000000000000000000000, flags=SA_RESTART|SA_SIGINFO, blocked
    SIGHUP: SIG_DFL, mask=00000000000000000000000000000000, flags=none, blocked
    SIGINT: SIG_DFL, mask=00000000000000000000000000000000, flags=none, blocked
   SIGTERM: SIG_DFL, mask=00000000000000000000000000000000, flags=none, blocked
   SIGQUIT: 0x00007fe8616c0a80 in libjvm.so+14187136, mask=11100100010111111101111111111110, flags=SA_RESTART|SA_SIGINFO, blocked
   SIGTRAP: 0x00007fe86181b250 in libjvm.so+15606352, mask=11100100010111111101111111111110, flags=SA_RESTART|SA_SIGINFO, unblocked


---------------  S Y S T E M  ---------------

OS:
NAME=GNOME
VERSION="44 (Flatpak runtime)"
VERSION_ID=44
ID=org.gnome.Platform
PRETTY_NAME="GNOME 44 (Flatpak runtime)"
BUG_REPORT_URL="https://gitlab.gnome.org/GNOME/gnome-build-meta/-/issues/new"
HOME_URL="https://www.gnome.org/"
uname: Linux 5.15.0-79-generic #86-Ubuntu SMP Mon Jul 10 16:07:21 UTC 2023 x86_64
OS uptime: 0 days 5:36 hours
libc: glibc 2.35 NPTL 2.35 
rlimit (soft/hard): STACK 8192k/infinity , CORE 0k/infinity , NPROC 14494/14494 , NOFILE 1048576/1048576 , AS infinity/infinity , CPU infinity/infinity , DATA infinity/infinity , FSIZE infinity/infinity , MEMLOCK 480436k/480436k
load average: 18.19 7.84 3.41

/proc/meminfo:
MemTotal:        3843508 kB
MemFree:          102832 kB
MemAvailable:      92976 kB
Buffers:            3436 kB
Cached:           165608 kB
SwapCached:        72852 kB
Active:           497024 kB
Inactive:        2565804 kB
Active(anon):     394792 kB
Inactive(anon):  2512384 kB
Active(file):     102232 kB
Inactive(file):    53420 kB
Unevictable:         128 kB
Mlocked:             128 kB
SwapTotal:       2097148 kB
SwapFree:         494592 kB
Dirty:               712 kB
Writeback:             0 kB
AnonPages:       2834352 kB
Mapped:           122576 kB
Shmem:             13192 kB
KReclaimable:      57572 kB
Slab:             187856 kB
SReclaimable:      57572 kB
SUnreclaim:       130284 kB
KernelStack:       79892 kB
PageTables:        71360 kB
NFS_Unstable:          0 kB
Bounce:                0 kB
WritebackTmp:          0 kB
CommitLimit:     4018900 kB
Committed_AS:   27176328 kB
VmallocTotal:   34359738367 kB
VmallocUsed:      118000 kB
VmallocChunk:          0 kB
Percpu:             2992 kB
HardwareCorrupted:     0 kB
AnonHugePages:         0 kB
ShmemHugePages:        0 kB
ShmemPmdMapped:        0 kB
FileHugePages:         0 kB
FilePmdMapped:         0 kB
HugePages_Total:       0
HugePages_Free:        0
HugePages_Rsvd:        0
HugePages_Surp:        0
Hugepagesize:       2048 kB
Hugetlb:               0 kB
DirectMap4k:      820992 kB
DirectMap2M:     3209216 kB
DirectMap1G:           0 kB

/sys/kernel/mm/transparent_hugepage/enabled: <Not Available>
/sys/kernel/mm/transparent_hugepage/defrag (defrag/compaction efforts parameter): <Not Available>

Process Memory:
Virtual Size: 1462368K (peak: 1526872K)
Resident Set Size: 15008K (peak: 15008K) (anon: 2048K, file: 12960K, shmem: 0K)
Swapped out: 0K
C-Heap outstanding allocations: 2797K, retained: 278K
glibc malloc tunables: (default)

/proc/sys/kernel/threads-max (system-wide limit on the number of threads): 28988
/proc/sys/vm/max_map_count (maximum number of memory map areas a process may have): 65530
/proc/sys/kernel/pid_max (system-wide limit on number of process identifiers): 4194304

container information not found.
Steal ticks since vm start: 0
Steal ticks percentage since vm start:  0.000

CPU: total 2 (initial active 2) (2 cores per cpu, 1 threads per core) family 21 model 112 stepping 0 microcode 0x6006705, cx8, cmov, fxsr, mmx, 3dnowpref, sse, sse2, sse3, ssse3, sse4a, sse4.1, sse4.2, popcnt, lzcnt, tsc, tscinvbit, avx, avx2, aes, clmul, bmi1, bmi2, fma, vzeroupper, clflush
CPU Model and flags from /proc/cpuinfo:
model name	: AMD PRO A4-4350B R4, 5 COMPUTE CORES 2C+3G
flags		: fpu vme de pse tsc msr pae mce cx8 apic sep mtrr pge mca cmov pat pse36 clflush mmx fxsr sse sse2 ht syscall nx mmxext fxsr_opt pdpe1gb rdtscp lm constant_tsc rep_good acc_power nopl nonstop_tsc cpuid extd_apicid aperfmperf pni pclmulqdq monitor ssse3 fma cx16 sse4_1 sse4_2 movbe popcnt aes xsave avx f16c lahf_lm cmp_legacy svm extapic cr8_legacy abm sse4a misalignsse 3dnowprefetch osvw ibs xop skinit wdt lwp fma4 tce nodeid_msr tbm perfctr_core perfctr_nb bpext ptsc mwaitx cpb hw_pstate ssbd ibpb vmmcall fsgsbase bmi1 avx2 smep bmi2 xsaveopt arat npt lbrv svm_lock nrip_save tsc_scale vmcb_clean flushbyasid decodeassists pausefilter pfthreshold avic v_vmsave_vmload vgif overflow_recov

Online cpus: 0-1
Offline cpus: 2-3
BIOS frequency limitation: 2300000
Frequency switch latency (ns): 4000
Available cpu frequencies: 2500000 2300000 2100000 1900000 1600000 1300000 
Current governor: schedutil
Core performance/turbo boost: 1

Memory: 4k page, physical 3843508k(102832k free), swap 2097148k(494592k free)
Page Sizes: 4k

vm_info: OpenJDK 64-Bit Server VM (17.0.7+7) for linux-amd64 JRE (17.0.7+7), built on Apr 18 2023 00:00:00 by "temurin" with gcc 10.3.0

END.
